This file contains any messages produced by compilers while
running configure, to aid debugging if configure makes a mistake.

It was created by OpenCityNeo configure 0.1.0dev, which was
generated by GNU Autoconf 2.69.  Invocation command line was

  $ ./configure 

## --------- ##
## Platform. ##
## --------- ##

hostname = localhost
uname -m = x86_64
uname -r = 4.4.16-desktop-1.mga5
uname -s = Linux
uname -v = #1 SMP Tue Jul 26 09:23:40 UTC 2016

/usr/bin/uname -p = x86_64
/bin/uname -X     = unknown

/bin/arch              = x86_64
/usr/bin/arch -k       = unknown
/usr/convex/getsysinfo = unknown
/usr/bin/hostinfo      = unknown
/bin/machine           = unknown
/usr/bin/oslevel       = unknown
/bin/universe          = unknown

PATH: /usr/local/bin
PATH: /usr/local/sbin
PATH: /usr/bin
PATH: /usr/sbin
PATH: /bin
PATH: /sbin
PATH: /usr/local/games
PATH: /usr/games
PATH: /usr/lib64/qt4/bin
PATH: /usr/lib64/qt5/bin
PATH: /home/icecool/bin


## ----------- ##
## Core tests. ##
## ----------- ##

configure:2407: checking build system type
configure:2421: result: x86_64-unknown-linux-gnu
configure:2441: checking host system type
configure:2454: result: x86_64-unknown-linux-gnu
configure:2474: checking target system type
configure:2487: result: x86_64-unknown-linux-gnu
configure:2533: checking for a BSD-compatible install
configure:2601: result: /usr/bin/install -c
configure:2612: checking whether build environment is sane
configure:2667: result: yes
configure:2818: checking for a thread-safe mkdir -p
configure:2857: result: /usr/bin/mkdir -p
configure:2864: checking for gawk
configure:2880: found /usr/bin/gawk
configure:2891: result: gawk
configure:2902: checking whether make sets $(MAKE)
configure:2924: result: yes
configure:2953: checking whether make supports nested variables
configure:2970: result: yes
configure:3107: checking for style of include used by make
configure:3135: result: GNU
configure:3206: checking for gcc
configure:3222: found /usr/bin/gcc
configure:3233: result: gcc
configure:3462: checking for C compiler version
configure:3471: gcc --version >&5
gcc (GCC) 4.9.2
Copyright (C) 2014 Free Software Foundation, Inc.
This is free software; see the source for copying conditions.  There is NO
warranty; not even for MERCHANTABILITY or FITNESS FOR A PARTICULAR PURPOSE.

configure:3482: $? = 0
configure:3471: gcc -v >&5
Using built-in specs.
COLLECT_GCC=gcc
COLLECT_LTO_WRAPPER=/usr/lib/gcc/x86_64-mageia-linux-gnu/4.9.2/lto-wrapper
Target: x86_64-mageia-linux-gnu
Configured with: ../configure --prefix=/usr --libexecdir=/usr/lib --with-slibdir=/lib64 --with-bugurl=http://bugs.mageia.org/ --mandir=/usr/share/man --infodir=/usr/share/info --enable-checking=release --enable-languages=c,c++,ada,fortran,objc,obj-c++,java --enable-linker-build-id --build=x86_64-mageia-linux-gnu --host=x86_64-mageia-linux-gnu --with-cpu=generic --with-system-zlib --enable-threads=posix --enable-shared --enable-objc-gc --enable-long-long --enable-__cxa_atexit --disable-libunwind-exceptions --enable-clocale=gnu --enable-java-awt=gtk --with-java-home=/usr/lib/jvm/java-1.5.0-gcj-1.5.0.0/jre --with-ecj-jar=/usr/share/java/eclipse-ecj.jar --enable-gtk-cairo --disable-libjava-multilib --enable-ssp --disable-libssp --disable-werror --with-ppl --with-cloog --with-python-dir=/lib/python2.7/site-packages --enable-lto
Thread model: posix
gcc version 4.9.2 (GCC) 
configure:3482: $? = 0
configure:3471: gcc -V >&5
gcc: error: unrecognized command line option '-V'
gcc: fatal error: no input files
compilation terminated.
configure:3482: $? = 1
configure:3471: gcc -qversion >&5
gcc: error: unrecognized command line option '-qversion'
gcc: fatal error: no input files
compilation terminated.
configure:3482: $? = 1
configure:3502: checking whether the C compiler works
configure:3524: gcc    conftest.c  >&5
configure:3528: $? = 0
configure:3576: result: yes
configure:3579: checking for C compiler default output file name
configure:3581: result: a.out
configure:3587: checking for suffix of executables
configure:3594: gcc -o conftest    conftest.c  >&5
configure:3598: $? = 0
configure:3620: result: 
configure:3642: checking whether we are cross compiling
configure:3650: gcc -o conftest    conftest.c  >&5
configure:3654: $? = 0
configure:3661: ./conftest
configure:3665: $? = 0
configure:3680: result: no
configure:3685: checking for suffix of object files
configure:3707: gcc -c   conftest.c >&5
configure:3711: $? = 0
configure:3732: result: o
configure:3736: checking whether we are using the GNU C compiler
configure:3755: gcc -c   conftest.c >&5
configure:3755: $? = 0
configure:3764: result: yes
configure:3773: checking whether gcc accepts -g
configure:3793: gcc -c -g  conftest.c >&5
configure:3793: $? = 0
configure:3834: result: yes
configure:3851: checking for gcc option to accept ISO C89
configure:3914: gcc  -c -g -O2  conftest.c >&5
configure:3914: $? = 0
configure:3927: result: none needed
configure:3952: checking whether gcc understands -c and -o together
configure:3974: gcc -c conftest.c -o conftest2.o
configure:3977: $? = 0
configure:3974: gcc -c conftest.c -o conftest2.o
configure:3977: $? = 0
configure:3989: result: yes
configure:4008: checking dependency style of gcc
configure:4119: result: gcc3
configure:4155: checking for /proc/self/maps
configure:4168: result: yes
configure:4174: checking whether everything is installed to the same prefix
configure:4190: result: no
configure:4193: checking whether binary relocation support should be enabled
configure:4213: result: no
configure:4354: checking how to print strings
configure:4381: result: printf
configure:4402: checking for a sed that does not truncate output
configure:4466: result: /usr/bin/sed
configure:4484: checking for grep that handles long lines and -e
configure:4542: result: /usr/bin/grep
configure:4547: checking for egrep
configure:4609: result: /usr/bin/grep -E
configure:4614: checking for fgrep
configure:4676: result: /usr/bin/grep -F
configure:4711: checking for ld used by gcc
configure:4778: result: /usr/bin/ld
configure:4785: checking if the linker (/usr/bin/ld) is GNU ld
configure:4800: result: yes
configure:4812: checking for BSD- or MS-compatible name lister (nm)
configure:4861: result: /usr/bin/nm -B
configure:4991: checking the name lister (/usr/bin/nm -B) interface
configure:4998: gcc -c -g -O2  conftest.c >&5
configure:5001: /usr/bin/nm -B "conftest.o"
configure:5004: output
0000000000000000 B some_variable
configure:5011: result: BSD nm
configure:5014: checking whether ln -s works
configure:5018: result: yes
configure:5026: checking the maximum length of command line arguments
configure:5156: result: 1572864
configure:5173: checking whether the shell understands some XSI constructs
configure:5183: result: yes
configure:5187: checking whether the shell understands "+="
configure:5193: result: yes
configure:5228: checking how to convert x86_64-unknown-linux-gnu file names to x86_64-unknown-linux-gnu format
configure:5268: result: func_convert_file_noop
configure:5275: checking how to convert x86_64-unknown-linux-gnu file names to toolchain format
configure:5295: result: func_convert_file_noop
configure:5302: checking for /usr/bin/ld option to reload object files
configure:5309: result: -r
configure:5383: checking for objdump
configure:5399: found /usr/bin/objdump
configure:5410: result: objdump
configure:5442: checking how to recognize dependent libraries
configure:5644: result: pass_all
configure:5729: checking for dlltool
configure:5759: result: no
configure:5789: checking how to associate runtime and link libraries
configure:5816: result: printf %s\n
configure:5876: checking for ar
configure:5892: found /usr/bin/ar
configure:5903: result: ar
configure:5940: checking for archiver @FILE support
configure:5957: gcc -c -g -O2  conftest.c >&5
configure:5957: $? = 0
configure:5960: ar cru libconftest.a @conftest.lst >&5
configure:5963: $? = 0
configure:5968: ar cru libconftest.a @conftest.lst >&5
ar: conftest.o: No such file or directory
configure:5971: $? = 1
configure:5983: result: @
configure:6041: checking for strip
configure:6057: found /usr/bin/strip
configure:6068: result: strip
configure:6140: checking for ranlib
configure:6156: found /usr/bin/ranlib
configure:6167: result: ranlib
configure:6269: checking command to parse /usr/bin/nm -B output from gcc object
configure:6389: gcc -c -g -O2  conftest.c >&5
configure:6392: $? = 0
configure:6396: /usr/bin/nm -B conftest.o \| sed -n -e 's/^.*[ ]\([ABCDGIRSTW][ABCDGIRSTW]*\)[ ][ ]*\([_A-Za-z][_A-Za-z0-9]*\)$/\1 \2 \2/p' | sed '/ __gnu_lto/d' \> conftest.nm
configure:6399: $? = 0
configure:6465: gcc -o conftest -g -O2   conftest.c conftstm.o >&5
configure:6468: $? = 0
configure:6506: result: ok
configure:6543: checking for sysroot
configure:6573: result: no
configure:6650: gcc -c -g -O2  conftest.c >&5
configure:6653: $? = 0
configure:6829: checking for mt
configure:6859: result: no
configure:6879: checking if : is a manifest tool
configure:6885: : '-?'
configure:6893: result: no
configure:7535: checking how to run the C preprocessor
configure:7566: gcc -E  conftest.c
configure:7566: $? = 0
configure:7580: gcc -E  conftest.c
conftest.c:11:28: fatal error: ac_nonexistent.h: No such file or directory
 #include <ac_nonexistent.h>
                            ^
compilation terminated.
configure:7580: $? = 1
configure: failed program was:
| /* confdefs.h */
| #define PACKAGE_NAME "OpenCityNeo"
| #define PACKAGE_TARNAME "opencityneo"
| #define PACKAGE_VERSION "0.1.0dev"
| #define PACKAGE_STRING "OpenCityNeo 0.1.0dev"
| #define PACKAGE_BUGREPORT ""
| #define PACKAGE_URL ""
| #define PACKAGE "opencityneo"
| #define VERSION "0.1.0dev"
| /* end confdefs.h.  */
| #include <ac_nonexistent.h>
configure:7605: result: gcc -E
configure:7625: gcc -E  conftest.c
configure:7625: $? = 0
configure:7639: gcc -E  conftest.c
conftest.c:11:28: fatal error: ac_nonexistent.h: No such file or directory
 #include <ac_nonexistent.h>
                            ^
compilation terminated.
configure:7639: $? = 1
configure: failed program was:
| /* confdefs.h */
| #define PACKAGE_NAME "OpenCityNeo"
| #define PACKAGE_TARNAME "opencityneo"
| #define PACKAGE_VERSION "0.1.0dev"
| #define PACKAGE_STRING "OpenCityNeo 0.1.0dev"
| #define PACKAGE_BUGREPORT ""
| #define PACKAGE_URL ""
| #define PACKAGE "opencityneo"
| #define VERSION "0.1.0dev"
| /* end confdefs.h.  */
| #include <ac_nonexistent.h>
configure:7668: checking for ANSI C header files
configure:7688: gcc -c -g -O2  conftest.c >&5
configure:7688: $? = 0
configure:7761: gcc -o conftest -g -O2   conftest.c  >&5
configure:7761: $? = 0
configure:7761: ./conftest
configure:7761: $? = 0
configure:7772: result: yes
configure:7785: checking for sys/types.h
configure:7785: gcc -c -g -O2  conftest.c >&5
configure:7785: $? = 0
configure:7785: result: yes
configure:7785: checking for sys/stat.h
configure:7785: gcc -c -g -O2  conftest.c >&5
configure:7785: $? = 0
configure:7785: result: yes
configure:7785: checking for stdlib.h
configure:7785: gcc -c -g -O2  conftest.c >&5
configure:7785: $? = 0
configure:7785: result: yes
configure:7785: checking for string.h
configure:7785: gcc -c -g -O2  conftest.c >&5
configure:7785: $? = 0
configure:7785: result: yes
configure:7785: checking for memory.h
configure:7785: gcc -c -g -O2  conftest.c >&5
configure:7785: $? = 0
configure:7785: result: yes
configure:7785: checking for strings.h
configure:7785: gcc -c -g -O2  conftest.c >&5
configure:7785: $? = 0
configure:7785: result: yes
configure:7785: checking for inttypes.h
configure:7785: gcc -c -g -O2  conftest.c >&5
configure:7785: $? = 0
configure:7785: result: yes
configure:7785: checking for stdint.h
configure:7785: gcc -c -g -O2  conftest.c >&5
configure:7785: $? = 0
configure:7785: result: yes
configure:7785: checking for unistd.h
configure:7785: gcc -c -g -O2  conftest.c >&5
configure:7785: $? = 0
configure:7785: result: yes
configure:7799: checking for dlfcn.h
configure:7799: gcc -c -g -O2  conftest.c >&5
configure:7799: $? = 0
configure:7799: result: yes
configure:8005: checking for objdir
configure:8020: result: .libs
configure:8291: checking if gcc supports -fno-rtti -fno-exceptions
configure:8309: gcc -c -g -O2  -fno-rtti -fno-exceptions conftest.c >&5
cc1: warning: command line option '-fno-rtti' is valid for C++/ObjC++ but not for C
configure:8313: $? = 0
configure:8326: result: no
configure:8653: checking for gcc option to produce PIC
configure:8660: result: -fPIC -DPIC
configure:8668: checking if gcc PIC flag -fPIC -DPIC works
configure:8686: gcc -c -g -O2  -fPIC -DPIC -DPIC conftest.c >&5
configure:8690: $? = 0
configure:8703: result: yes
configure:8732: checking if gcc static flag -static works
configure:8760: result: no
configure:8775: checking if gcc supports -c -o file.o
configure:8796: gcc -c -g -O2  -o out/conftest2.o conftest.c >&5
configure:8800: $? = 0
configure:8822: result: yes
configure:8830: checking if gcc supports -c -o file.o
configure:8877: result: yes
configure:8910: checking whether the gcc linker (/usr/bin/ld -m elf_x86_64) supports shared libraries
configure:10064: result: yes
configure:10101: checking whether -lc should be explicitly linked in
configure:10109: gcc -c -g -O2  conftest.c >&5
configure:10112: $? = 0
configure:10127: gcc -shared  -fPIC -DPIC conftest.o  -v -Wl,-soname -Wl,conftest -o conftest 2\>\&1 \| /usr/bin/grep  -lc  \>/dev/null 2\>\&1
configure:10130: $? = 0
configure:10144: result: no
configure:10304: checking dynamic linker characteristics
configure:10815: gcc -o conftest -g -O2   -Wl,-rpath -Wl,/foo conftest.c  >&5
configure:10815: $? = 0
configure:10839: gcc -c -g -O2  conftest.c >&5
configure:10842: $? = 0
configure:11059: result: GNU/Linux ld.so
configure:11166: checking how to hardcode library paths into programs
configure:11191: result: immediate
configure:11731: checking whether stripping libraries is possible
configure:11736: result: yes
configure:11771: checking if libtool supports shared libraries
configure:11773: result: yes
configure:11776: checking whether to build shared libraries
configure:11797: result: yes
configure:11800: checking whether to build static libraries
configure:11804: result: yes
configure:11851: checking for -pkg-config
configure:11884: result: no
configure:11851: checking for pkg-config
configure:11869: found /usr/bin/pkg-config
configure:11881: result: /usr/bin/pkg-config
configure:11947: checking for sdl-config
configure:11965: found /usr/bin/sdl-config
configure:11978: result: /usr/bin/sdl-config
configure:11987: checking for SDL - version >= 1.2.12
configure:12072: gcc -o conftest -g -O2 -I/usr/include/SDL -D_GNU_SOURCE=1 -D_REENTRANT   conftest.c  -L/usr/lib64 -lSDL >&5
configure:12072: $? = 0
configure:12072: ./conftest
configure:12072: $? = 0
configure:12086: result: yes
configure:12214: checking for g++
configure:12230: found /usr/bin/g++
configure:12241: result: g++
configure:12268: checking for C++ compiler version
configure:12277: g++ --version >&5
g++ (GCC) 4.9.2
Copyright (C) 2014 Free Software Foundation, Inc.
This is free software; see the source for copying conditions.  There is NO
warranty; not even for MERCHANTABILITY or FITNESS FOR A PARTICULAR PURPOSE.

configure:12288: $? = 0
configure:12277: g++ -v >&5
Using built-in specs.
COLLECT_GCC=g++
COLLECT_LTO_WRAPPER=/usr/lib/gcc/x86_64-mageia-linux-gnu/4.9.2/lto-wrapper
Target: x86_64-mageia-linux-gnu
Configured with: ../configure --prefix=/usr --libexecdir=/usr/lib --with-slibdir=/lib64 --with-bugurl=http://bugs.mageia.org/ --mandir=/usr/share/man --infodir=/usr/share/info --enable-checking=release --enable-languages=c,c++,ada,fortran,objc,obj-c++,java --enable-linker-build-id --build=x86_64-mageia-linux-gnu --host=x86_64-mageia-linux-gnu --with-cpu=generic --with-system-zlib --enable-threads=posix --enable-shared --enable-objc-gc --enable-long-long --enable-__cxa_atexit --disable-libunwind-exceptions --enable-clocale=gnu --enable-java-awt=gtk --with-java-home=/usr/lib/jvm/java-1.5.0-gcj-1.5.0.0/jre --with-ecj-jar=/usr/share/java/eclipse-ecj.jar --enable-gtk-cairo --disable-libjava-multilib --enable-ssp --disable-libssp --disable-werror --with-ppl --with-cloog --with-python-dir=/lib/python2.7/site-packages --enable-lto
Thread model: posix
gcc version 4.9.2 (GCC) 
configure:12288: $? = 0
configure:12277: g++ -V >&5
g++: error: unrecognized command line option '-V'
g++: fatal error: no input files
compilation terminated.
configure:12288: $? = 1
configure:12277: g++ -qversion >&5
g++: error: unrecognized command line option '-qversion'
g++: fatal error: no input files
compilation terminated.
configure:12288: $? = 1
configure:12292: checking whether we are using the GNU C++ compiler
configure:12311: g++ -c   conftest.cpp >&5
configure:12311: $? = 0
configure:12320: result: yes
configure:12329: checking whether g++ accepts -g
configure:12349: g++ -c -g  conftest.cpp >&5
configure:12349: $? = 0
configure:12390: result: yes
configure:12415: checking dependency style of g++
configure:12526: result: gcc3
configure:12559: checking how to run the C++ preprocessor
configure:12586: g++ -E  conftest.cpp
configure:12586: $? = 0
configure:12600: g++ -E  conftest.cpp
conftest.cpp:23:28: fatal error: ac_nonexistent.h: No such file or directory
 #include <ac_nonexistent.h>
                            ^
compilation terminated.
configure:12600: $? = 1
configure: failed program was:
| /* confdefs.h */
| #define PACKAGE_NAME "OpenCityNeo"
| #define PACKAGE_TARNAME "opencityneo"
| #define PACKAGE_VERSION "0.1.0dev"
| #define PACKAGE_STRING "OpenCityNeo 0.1.0dev"
| #define PACKAGE_BUGREPORT ""
| #define PACKAGE_URL ""
| #define PACKAGE "opencityneo"
| #define VERSION "0.1.0dev"
| #define STDC_HEADERS 1
| #define HAVE_SYS_TYPES_H 1
| #define HAVE_SYS_STAT_H 1
| #define HAVE_STDLIB_H 1
| #define HAVE_STRING_H 1
| #define HAVE_MEMORY_H 1
| #define HAVE_STRINGS_H 1
| #define HAVE_INTTYPES_H 1
| #define HAVE_STDINT_H 1
| #define HAVE_UNISTD_H 1
| #define HAVE_DLFCN_H 1
| #define LT_OBJDIR ".libs/"
| /* end confdefs.h.  */
| #include <ac_nonexistent.h>
configure:12625: result: g++ -E
configure:12645: g++ -E  conftest.cpp
configure:12645: $? = 0
configure:12659: g++ -E  conftest.cpp
conftest.cpp:23:28: fatal error: ac_nonexistent.h: No such file or directory
 #include <ac_nonexistent.h>
                            ^
compilation terminated.
configure:12659: $? = 1
configure: failed program was:
| /* confdefs.h */
| #define PACKAGE_NAME "OpenCityNeo"
| #define PACKAGE_TARNAME "opencityneo"
| #define PACKAGE_VERSION "0.1.0dev"
| #define PACKAGE_STRING "OpenCityNeo 0.1.0dev"
| #define PACKAGE_BUGREPORT ""
| #define PACKAGE_URL ""
| #define PACKAGE "opencityneo"
| #define VERSION "0.1.0dev"
| #define STDC_HEADERS 1
| #define HAVE_SYS_TYPES_H 1
| #define HAVE_SYS_STAT_H 1
| #define HAVE_STDLIB_H 1
| #define HAVE_STRING_H 1
| #define HAVE_MEMORY_H 1
| #define HAVE_STRINGS_H 1
| #define HAVE_INTTYPES_H 1
| #define HAVE_STDINT_H 1
| #define HAVE_UNISTD_H 1
| #define HAVE_DLFCN_H 1
| #define LT_OBJDIR ".libs/"
| /* end confdefs.h.  */
| #include <ac_nonexistent.h>
configure:12828: checking for ld used by g++
configure:12895: result: /usr/bin/ld -m elf_x86_64
configure:12902: checking if the linker (/usr/bin/ld -m elf_x86_64) is GNU ld
configure:12917: result: yes
configure:12972: checking whether the g++ linker (/usr/bin/ld -m elf_x86_64) supports shared libraries
configure:13978: result: yes
configure:14014: g++ -c -g -O2  conftest.cpp >&5
configure:14017: $? = 0
configure:14537: checking for g++ option to produce PIC
configure:14544: result: -fPIC -DPIC
configure:14552: checking if g++ PIC flag -fPIC -DPIC works
configure:14570: g++ -c -g -O2  -fPIC -DPIC -DPIC conftest.cpp >&5
configure:14574: $? = 0
configure:14587: result: yes
configure:14610: checking if g++ static flag -static works
configure:14638: result: no
configure:14650: checking if g++ supports -c -o file.o
configure:14671: g++ -c -g -O2  -o out/conftest2.o conftest.cpp >&5
configure:14675: $? = 0
configure:14697: result: yes
configure:14702: checking if g++ supports -c -o file.o
configure:14749: result: yes
configure:14779: checking whether the g++ linker (/usr/bin/ld -m elf_x86_64) supports shared libraries
configure:14818: result: yes
configure:14959: checking dynamic linker characteristics
configure:15428: g++ -c -g -O2  conftest.cpp >&5
configure:15431: $? = 0
configure:15648: result: GNU/Linux ld.so
configure:15701: checking how to hardcode library paths into programs
configure:15726: result: immediate
configure:15787: checking SDL_mixer.h usability
configure:15787: g++ -c -g -O2 -I/usr/include/SDL -D_GNU_SOURCE=1 -D_REENTRANT conftest.cpp >&5
configure:15787: $? = 0
configure:15787: result: yes
configure:15787: checking SDL_mixer.h presence
configure:15787: g++ -E -I/usr/include/SDL -D_GNU_SOURCE=1 -D_REENTRANT conftest.cpp
configure:15787: $? = 0
configure:15787: result: yes
configure:15787: checking for SDL_mixer.h
configure:15787: result: yes
configure:15795: checking for Mix_OpenAudio in -lSDL_mixer
configure:15820: g++ -o conftest -g -O2 -I/usr/include/SDL -D_GNU_SOURCE=1 -D_REENTRANT  conftest.cpp -lSDL_mixer  -L/usr/lib64 -lSDL >&5
configure:15820: $? = 0
configure:15829: result: yes
configure:15837: checking SDL_mixer support
configure:15846: result: yes
configure:15928: checking for glBegin in -lGL
configure:15953: g++ -o conftest -g -O2 -I/usr/include/SDL -D_GNU_SOURCE=1 -D_REENTRANT  conftest.cpp -lGL  -L/usr/lib64 -lSDL -lSDL_mixer >&5
configure:15953: $? = 0
configure:15962: result: yes
configure:15975: checking for gluLookAt in -lGLU
configure:16000: g++ -o conftest -g -O2 -I/usr/include/SDL -D_GNU_SOURCE=1 -D_REENTRANT  conftest.cpp -lGLU  -lGL -L/usr/lib64 -lSDL -lSDL_mixer >&5
configure:16000: $? = 0
configure:16009: result: yes
configure:16029: checking for IMG_Load in -lSDL_image
configure:16054: g++ -o conftest -g -O2 -I/usr/include/SDL -D_GNU_SOURCE=1 -D_REENTRANT  conftest.cpp -lSDL_image  -lGLU -lGL -L/usr/lib64 -lSDL -lSDL_mixer >&5
configure:16054: $? = 0
configure:16063: result: yes
configure:16078: checking for SDLNet_Init in -lSDL_net
configure:16103: g++ -o conftest -g -O2 -I/usr/include/SDL -D_GNU_SOURCE=1 -D_REENTRANT  conftest.cpp -lSDL_net  -lSDL_image -lGLU -lGL -L/usr/lib64 -lSDL -lSDL_mixer >&5
configure:16103: $? = 0
configure:16112: result: yes
configure:16127: checking for libpng
configure:16139: result: libpng
configure:16332: checking that generated files are newer than configure
configure:16338: result: done
configure:16369: creating ./config.status

## ---------------------- ##
## Running config.status. ##
## ---------------------- ##

This file was extended by OpenCityNeo config.status 0.1.0dev, which was
generated by GNU Autoconf 2.69.  Invocation command line was

  CONFIG_FILES    = 
  CONFIG_HEADERS  = 
  CONFIG_LINKS    = 
  CONFIG_COMMANDS = 
  $ ./config.status 

on localhost

config.status:1185: creating config/Makefile
config.status:1185: creating docs/Makefile
config.status:1185: creating map/Makefile
config.status:1185: creating map/heightmap/Makefile
config.status:1185: creating sound/Makefile
config.status:1185: creating src/Makefile
config.status:1185: creating src/binreloc/Makefile
config.status:1185: creating src/enum/Makefile
config.status:1185: creating src/framework/Makefile
config.status:1185: creating src/framework/System/Makefile
config.status:1185: creating src/framework/System/Information/Makefile
config.status:1185: creating src/framework/System/Information/Software/Makefile
config.status:1185: creating src/framework/System/Reflection/Makefile
config.status:1185: creating src/mapgen/Makefile
config.status:1185: creating src/mas/Makefile
config.status:1185: creating src/model/Makefile
config.status:1185: creating src/networking/Makefile
config.status:1185: creating src/pngfuncs/Makefile
config.status:1185: creating src/simulator/Makefile
config.status:1185: creating src/structure/Makefile
config.status:1185: creating src/tinyxml/Makefile
config.status:1185: creating src/tinyxpath/Makefile
config.status:1185: creating src/triangulation/Makefile
config.status:1185: creating viewer/Makefile
config.status:1185: creating Makefile
config.status:1185: creating config.h
config.status:1366: config.h is unchanged
config.status:1414: executing depfiles commands
config.status:1414: executing libtool commands

## ---------------- ##
## Cache variables. ##
## ---------------- ##

ac_cv_build=x86_64-unknown-linux-gnu
ac_cv_c_compiler_gnu=yes
ac_cv_cxx_compiler_gnu=yes
ac_cv_env_CCC_set=
ac_cv_env_CCC_value=
ac_cv_env_CC_set=
ac_cv_env_CC_value=
ac_cv_env_CFLAGS_set=
ac_cv_env_CFLAGS_value=
ac_cv_env_CPPFLAGS_set=
ac_cv_env_CPPFLAGS_value=
ac_cv_env_CPP_set=
ac_cv_env_CPP_value=
ac_cv_env_CXXCPP_set=
ac_cv_env_CXXCPP_value=
ac_cv_env_CXXFLAGS_set=
ac_cv_env_CXXFLAGS_value=
ac_cv_env_CXX_set=
ac_cv_env_CXX_value=
ac_cv_env_LDFLAGS_set=
ac_cv_env_LDFLAGS_value=
ac_cv_env_LIBS_set=
ac_cv_env_LIBS_value=
ac_cv_env_build_alias_set=
ac_cv_env_build_alias_value=
ac_cv_env_host_alias_set=
ac_cv_env_host_alias_value=
ac_cv_env_target_alias_set=
ac_cv_env_target_alias_value=
ac_cv_file__proc_self_maps=yes
ac_cv_header_SDL_mixer_h=yes
ac_cv_header_dlfcn_h=yes
ac_cv_header_inttypes_h=yes
ac_cv_header_memory_h=yes
ac_cv_header_stdc=yes
ac_cv_header_stdint_h=yes
ac_cv_header_stdlib_h=yes
ac_cv_header_string_h=yes
ac_cv_header_strings_h=yes
ac_cv_header_sys_stat_h=yes
ac_cv_header_sys_types_h=yes
ac_cv_header_unistd_h=yes
ac_cv_host=x86_64-unknown-linux-gnu
ac_cv_lib_GLU_gluLookAt=yes
ac_cv_lib_GL_glBegin=yes
ac_cv_lib_SDL_image_IMG_Load=yes
ac_cv_lib_SDL_mixer_Mix_OpenAudio=yes
ac_cv_lib_SDL_net_SDLNet_Init=yes
ac_cv_objext=o
ac_cv_path_EGREP='/usr/bin/grep -E'
ac_cv_path_FGREP='/usr/bin/grep -F'
ac_cv_path_GREP=/usr/bin/grep
ac_cv_path_PACKAGE_CONFIG=/usr/bin/pkg-config
ac_cv_path_SDL_CONFIG=/usr/bin/sdl-config
ac_cv_path_SED=/usr/bin/sed
ac_cv_path_install='/usr/bin/install -c'
ac_cv_path_mkdir=/usr/bin/mkdir
ac_cv_prog_AWK=gawk
ac_cv_prog_CPP='gcc -E'
ac_cv_prog_CXXCPP='g++ -E'
ac_cv_prog_ac_ct_AR=ar
ac_cv_prog_ac_ct_CC=gcc
ac_cv_prog_ac_ct_CXX=g++
ac_cv_prog_ac_ct_OBJDUMP=objdump
ac_cv_prog_ac_ct_RANLIB=ranlib
ac_cv_prog_ac_ct_STRIP=strip
ac_cv_prog_cc_c89=
ac_cv_prog_cc_g=yes
ac_cv_prog_cxx_g=yes
ac_cv_prog_make_make_set=yes
ac_cv_target=x86_64-unknown-linux-gnu
am_cv_CC_dependencies_compiler_type=gcc3
am_cv_CXX_dependencies_compiler_type=gcc3
am_cv_make_support_nested_variables=yes
am_cv_prog_cc_c_o=yes
br_cv_binreloc=no
br_cv_valid_prefixes=no
lt_cv_ar_at_file=@
lt_cv_archive_cmds_need_lc=no
lt_cv_deplibs_check_method=pass_all
lt_cv_file_magic_cmd='$MAGIC_CMD'
lt_cv_file_magic_test_file=
lt_cv_ld_reload_flag=-r
lt_cv_nm_interface='BSD nm'
lt_cv_objdir=.libs
lt_cv_path_LD=/usr/bin/ld
lt_cv_path_LDCXX='/usr/bin/ld -m elf_x86_64'
lt_cv_path_NM='/usr/bin/nm -B'
lt_cv_path_mainfest_tool=no
lt_cv_prog_compiler_c_o=yes
lt_cv_prog_compiler_c_o_CXX=yes
lt_cv_prog_compiler_pic='-fPIC -DPIC'
lt_cv_prog_compiler_pic_CXX='-fPIC -DPIC'
lt_cv_prog_compiler_pic_works=yes
lt_cv_prog_compiler_pic_works_CXX=yes
lt_cv_prog_compiler_rtti_exceptions=no
lt_cv_prog_compiler_static_works=no
lt_cv_prog_compiler_static_works_CXX=no
lt_cv_prog_gnu_ld=yes
lt_cv_prog_gnu_ldcxx=yes
lt_cv_sharedlib_from_linklib_cmd='printf %s\n'
lt_cv_shlibpath_overrides_runpath=no
lt_cv_sys_global_symbol_pipe='sed -n -e '\''s/^.*[	 ]\([ABCDGIRSTW][ABCDGIRSTW]*\)[	 ][	 ]*\([_A-Za-z][_A-Za-z0-9]*\)$/\1 \2 \2/p'\'' | sed '\''/ __gnu_lto/d'\'''
lt_cv_sys_global_symbol_to_c_name_address='sed -n -e '\''s/^: \([^ ]*\)[ ]*$/  {\"\1\", (void *) 0},/p'\'' -e '\''s/^[ABCDGIRSTW]* \([^ ]*\) \([^ ]*\)$/  {"\2", (void *) \&\2},/p'\'''
lt_cv_sys_global_symbol_to_c_name_address_lib_prefix='sed -n -e '\''s/^: \([^ ]*\)[ ]*$/  {\"\1\", (void *) 0},/p'\'' -e '\''s/^[ABCDGIRSTW]* \([^ ]*\) \(lib[^ ]*\)$/  {"\2", (void *) \&\2},/p'\'' -e '\''s/^[ABCDGIRSTW]* \([^ ]*\) \([^ ]*\)$/  {"lib\2", (void *) \&\2},/p'\'''
lt_cv_sys_global_symbol_to_cdecl='sed -n -e '\''s/^T .* \(.*\)$/extern int \1();/p'\'' -e '\''s/^[ABCDGIRSTW]* .* \(.*\)$/extern char \1;/p'\'''
lt_cv_sys_max_cmd_len=1572864
lt_cv_to_host_file_cmd=func_convert_file_noop
lt_cv_to_tool_file_cmd=func_convert_file_noop

## ----------------- ##
## Output variables. ##
## ----------------- ##

ACLOCAL='${SHELL} /media/datos/Proyectos/OpenCity/codigo/opencityneo/missing aclocal-1.14'
AMDEPBACKSLASH='\'
AMDEP_FALSE='#'
AMDEP_TRUE=''
AMTAR='$${TAR-tar}'
AM_BACKSLASH='\'
AM_DEFAULT_V='$(AM_DEFAULT_VERBOSITY)'
AM_DEFAULT_VERBOSITY='1'
AM_V='$(V)'
AR='ar'
AUTOCONF='${SHELL} /media/datos/Proyectos/OpenCity/codigo/opencityneo/missing autoconf'
AUTOHEADER='${SHELL} /media/datos/Proyectos/OpenCity/codigo/opencityneo/missing autoheader'
AUTOMAKE='${SHELL} /media/datos/Proyectos/OpenCity/codigo/opencityneo/missing automake-1.14'
AWK='gawk'
BINRELOC_CFLAGS=''
BINRELOC_LIBS=''
CC='gcc'
CCDEPMODE='depmode=gcc3'
CFLAGS='-std=c99 -g -O2'
CPP='gcc -E'
CPPFLAGS='-I/usr/X11R6/include  -DNDEBUG -Wall -Wmissing-braces -Wparentheses -pedantic-errors -I/usr/include/SDL -D_GNU_SOURCE=1 -D_REENTRANT -I/usr/include/libpng16 '
CXX='g++'
CXXCPP='g++ -E'
CXXDEPMODE='depmode=gcc3'
CXXFLAGS='-std=c++98 -g -O2'
CYGPATH_W='echo'
DEFS='-DHAVE_CONFIG_H'
DEPDIR='.deps'
DLLTOOL='false'
DSYMUTIL=''
DUMPBIN=''
ECHO_C=''
ECHO_N='-n'
ECHO_T=''
EGREP='/usr/bin/grep -E'
EXEEXT=''
FGREP='/usr/bin/grep -F'
GREP='/usr/bin/grep'
INSTALL_DATA='${INSTALL} -m 644'
INSTALL_PROGRAM='${INSTALL}'
INSTALL_SCRIPT='${INSTALL}'
INSTALL_STRIP_PROGRAM='$(install_sh) -c -s'
LD='/usr/bin/ld -m elf_x86_64'
LDFLAGS='-L/usr/X11R6/lib   '
LIBOBJS=''
LIBS='-lSDL_net -lSDL_image -lGLU -lGL -L/usr/lib64 -lSDL -lSDL_mixer -lpng16 '
LIBTOOL='$(SHELL) $(top_builddir)/libtool'
LIPO=''
LN_S='ln -s'
LTLIBOBJS=''
MAKEINFO='${SHELL} /media/datos/Proyectos/OpenCity/codigo/opencityneo/missing makeinfo'
MANIFEST_TOOL=':'
MKDIR_P='/usr/bin/mkdir -p'
NM='/usr/bin/nm -B'
NMEDIT=''
OBJDUMP='objdump'
OBJEXT='o'
OPENCITY_SDL_MIXER_FALSE='#'
OPENCITY_SDL_MIXER_TRUE=''
OTOOL64=''
OTOOL=''
PACKAGE='opencityneo'
PACKAGE_BUGREPORT=''
PACKAGE_CONFIG='/usr/bin/pkg-config'
PACKAGE_NAME='OpenCityNeo'
PACKAGE_STRING='OpenCityNeo 0.1.0dev'
PACKAGE_TARNAME='opencityneo'
PACKAGE_URL=''
PACKAGE_VERSION='0.1.0dev'
PATH_SEPARATOR=':'
RANLIB='ranlib'
SDL_CFLAGS='-I/usr/include/SDL -D_GNU_SOURCE=1 -D_REENTRANT'
SDL_CONFIG='/usr/bin/sdl-config'
SDL_LIBS='-L/usr/lib64 -lSDL'
SED='/usr/bin/sed'
SET_MAKE=''
SHELL='/bin/sh'
STRIP='strip'
VERSION='0.1.0dev'
ac_ct_AR='ar'
ac_ct_CC='gcc'
ac_ct_CXX='g++'
ac_ct_DUMPBIN=''
am__EXEEXT_FALSE=''
am__EXEEXT_TRUE='#'
am__fastdepCC_FALSE='#'
am__fastdepCC_TRUE=''
am__fastdepCXX_FALSE='#'
am__fastdepCXX_TRUE=''
am__include='include'
am__isrc=''
am__leading_dot='.'
am__nodep='_no'
am__quote=''
am__tar='$${TAR-tar} chof - "$$tardir"'
am__untar='$${TAR-tar} xf -'
bindir='${exec_prefix}/bin'
build='x86_64-unknown-linux-gnu'
build_alias=''
build_cpu='x86_64'
build_os='linux-gnu'
build_vendor='unknown'
datadir='${datarootdir}'
datarootdir='${prefix}/share'
docdir='${datarootdir}/doc/${PACKAGE_TARNAME}'
dvidir='${docdir}'
exec_prefix='${prefix}'
host='x86_64-unknown-linux-gnu'
host_alias=''
host_cpu='x86_64'
host_os='linux-gnu'
host_vendor='unknown'
htmldir='${docdir}'
includedir='${prefix}/include'
infodir='${datarootdir}/info'
install_sh='${SHELL} /media/datos/Proyectos/OpenCity/codigo/opencityneo/install-sh'
libdir='${exec_prefix}/lib'
libexecdir='${exec_prefix}/libexec'
localedir='${datarootdir}/locale'
localstatedir='${prefix}/var'
mandir='${datarootdir}/man'
mkdir_p='$(MKDIR_P)'
oldincludedir='/usr/include'
pdfdir='${docdir}'
prefix='/usr/local'
program_transform_name='s,x,x,'
psdir='${docdir}'
sbindir='${exec_prefix}/sbin'
sharedstatedir='${prefix}/com'
sysconfdir='${prefix}/etc'
target='x86_64-unknown-linux-gnu'
target_alias=''
target_cpu='x86_64'
target_os='linux-gnu'
target_vendor='unknown'

## ----------- ##
## confdefs.h. ##
## ----------- ##

/* confdefs.h */
#define PACKAGE_NAME "OpenCityNeo"
#define PACKAGE_TARNAME "opencityneo"
#define PACKAGE_VERSION "0.1.0dev"
#define PACKAGE_STRING "OpenCityNeo 0.1.0dev"
#define PACKAGE_BUGREPORT ""
#define PACKAGE_URL ""
#define PACKAGE "opencityneo"
#define VERSION "0.1.0dev"
#define STDC_HEADERS 1
#define HAVE_SYS_TYPES_H 1
#define HAVE_SYS_STAT_H 1
#define HAVE_STDLIB_H 1
#define HAVE_STRING_H 1
#define HAVE_MEMORY_H 1
#define HAVE_STRINGS_H 1
#define HAVE_INTTYPES_H 1
#define HAVE_STDINT_H 1
#define HAVE_UNISTD_H 1
#define HAVE_DLFCN_H 1
#define LT_OBJDIR ".libs/"
#define OPENCITY_SDL_MIXER 1
#define HAVE_LIBGL 1
#define HAVE_LIBGLU 1
#define HAVE_LIBSDL_IMAGE 1
#define HAVE_LIBSDL_NET 1

configure: exit 0
